<?xml version="1.0" encoding="UTF-8"?>
<domain ASID="10000" xmlns:xsi="http://www.w3.org/2001/XMLSchema-instance"
	xsi:noNamespaceSchemaLocation="http://totem.run.montefiore.ulg.ac.be/Schema/Domain-v1_3.xsd">
	<info>
		<title>Test Topology</title>
		<date>2004-04-07</date>
		<author>Fabian Skivee</author>
		<description>
			Domain with multi path from 0 to 4
		</description>
		<units>
			<unit type="bandwidth" value="kbps"/>
			<unit type="delay" value="ms"/>
		</units>
		<diff-serv>
		    <priority id="0" ct="0" preemption="0"></priority>
		</diff-serv>
	</info>
	<topology>
		<nodes>
			<node id="0">
				<location latitude="335" longitude="784"/>
				<interfaces>
					<interface id="0">
					</interface>
				</interfaces>
			</node>
			<node id="1">
                <location latitude="44" longitude="681"/>
				<interfaces>
					<interface id="1">
					</interface>
				</interfaces>
			</node>
			<node id="2">
                <location latitude="935" longitude="610"/>
				<interfaces>
					<interface id="0">
					</interface>
					<interface id="1">
					</interface>
					<interface id="2">
					</interface>
					<interface id="3">
					</interface>
				</interfaces>
			</node>
			<node id="3">
                <location latitude="630" longitude="310"/>
				<interfaces>
					<interface id="3">
					</interface>
					<interface id="4">
					</interface>
				</interfaces>
			</node>
			<node id="4">
                <location latitude="632" longitude="316"/>
				<interfaces>
					<interface id="2">
					</interface>
					<interface id="4">
					</interface>
				</interfaces>
			</node>
		</nodes>
		<links>
			<link id="0_0 -> 2_0">
				<from node="0" if="0"/>
				<to node="2" if="0"/>
				<bw>20</bw>
				<delay>1.427034605429082</delay>
			</link>
			<link id="2_0 -> 0_0">
				<from node="2" if="0"/>
				<to node="0" if="0"/>
				<bw>20</bw>
				<delay>1.427034605429082</delay>
			</link>
			<link id="1_1 -> 2_1">
				<from node="1" if="1"/>
				<to node="2" if="1"/>
				<bw>20</bw>
				<delay>1.427034605429082</delay>
			</link>
			<link id="2_1 -> 1_1">
				<from node="2" if="1"/>
				<to node="1" if="1"/>
				<bw>20</bw>
				<delay>1.427034605429082</delay>
			</link>
			<link id="4_2 -> 2_2">
				<from node="4" if="2"/>
				<to node="2" if="2"/>
				<bw>10</bw>
				<delay>1.427034605429082</delay>
			</link>
			<link id="2_2 -> 4_2">
				<from node="2" if="2"/>
				<to node="4" if="2"/>
				<bw>10</bw>
				<delay>1.427034605429082</delay>
			</link>
			<link id="3_3 -> 2_3">
				<from node="3" if="3"/>
				<to node="2" if="3"/>
				<bw>20</bw>
				<delay>1.427034605429082</delay>
			</link>
			<link id="2_3 -> 3_3">
				<from node="2" if="3"/>
				<to node="3" if="3"/>
				<bw>20</bw>
				<delay>1.427034605429082</delay>
			</link>
			<link id="3_4 -> 4_4">
				<from node="3" if="4"/>
				<to node="4" if="4"/>
				<bw>20</bw>
				<delay>1.427034605429082</delay>
			</link>
			<link id="4_4 -> 3_4">
				<from node="4" if="4"/>
				<to node="3" if="4"/>
				<bw>20</bw>
				<delay>1.427034605429082</delay>
			</link>
		</links>
	</topology>
	<igp type="IS-IS">
		<links>
			<link id="0_0 -> 2_0">
				<static>
					<metric>1</metric>
					<te-metric>1</te-metric>
					<mrbw>20</mrbw>
					<mbw>20</mbw>
				</static>
				<dynamic>
					<rbw>
						<priority id="0">20</priority>
					</rbw>
				</dynamic>
			</link>
			<link id="2_0 -> 0_0">
				<static>
					<metric>1</metric>
					<te-metric>1</te-metric>
					<mrbw>20</mrbw>
					<mbw>20</mbw>
				</static>
				<dynamic>
					<rbw>
						<priority id="0">20</priority>
					</rbw>
				</dynamic>
			</link>
			<link id="1_1 -> 2_1">
				<static>
					<metric>1</metric>
					<te-metric>1</te-metric>
					<mrbw>20</mrbw>
					<mbw>20</mbw>
				</static>
				<dynamic>
					<rbw>
						<priority id="0">20</priority>
					</rbw>
				</dynamic>
			</link>
			<link id="2_1 -> 1_1">
				<static>
					<metric>1</metric>
					<te-metric>1</te-metric>
					<mrbw>20</mrbw>
					<mbw>20</mbw>
				</static>
				<dynamic>
					<rbw>
						<priority id="0">20</priority>
					</rbw>
				</dynamic>
			</link>
			<link id="4_2 -> 2_2">
				<static>
					<metric>2</metric>
					<te-metric>2</te-metric>
					<mrbw>10</mrbw>
					<mbw>10</mbw>
				</static>
				<dynamic>
					<rbw>
						<priority id="0">10</priority>
					</rbw>
				</dynamic>
			</link>
			<link id="2_2 -> 4_2">
				<static>
					<metric>2</metric>
					<te-metric>2</te-metric>
					<mrbw>10</mrbw>
					<mbw>10</mbw>
				</static>
				<dynamic>
					<rbw>
						<priority id="0">10</priority>
					</rbw>
				</dynamic>
			</link>
			<link id="3_3 -> 2_3">
				<static>
					<metric>1</metric>
					<te-metric>1</te-metric>
					<mrbw>20</mrbw>
					<mbw>20</mbw>
				</static>
				<dynamic>
					<rbw>
						<priority id="0">20</priority>
					</rbw>
				</dynamic>
			</link>
			<link id="2_3 -> 3_3">
				<static>
					<metric>1</metric>
					<te-metric>1</te-metric>
					<mrbw>20</mrbw>
					<mbw>20</mbw>
				</static>
				<dynamic>
					<rbw>
						<priority id="0">20</priority>
					</rbw>
				</dynamic>
			</link>
			<link id="3_4 -> 4_4">
				<static>
					<metric>1</metric>
					<te-metric>1</te-metric>
					<mrbw>20</mrbw>
					<mbw>20</mbw>
				</static>
				<dynamic>
					<rbw>
						<priority id="0">20</priority>
					</rbw>
				</dynamic>
			</link>
			<link id="4_4 -> 3_4">
				<static>
					<metric>1</metric>
					<te-metric>1</te-metric>
					<mrbw>20</mrbw>
					<mbw>20</mbw>
				</static>
				<dynamic>
					<rbw>
						<priority id="0">20</priority>
					</rbw>
				</dynamic>
			</link>
		</links>
	</igp>
</domain>
